This file contains any messages produced by compilers while
running configure, to aid debugging if configure makes a mistake.

It was created by libaacplus configure 2.0.2, which was
generated by GNU Autoconf 2.69.  Invocation command line was

  $ ./configure --with-parameter-expansion-string-replace-capable-shell=/bin/bash --enable-static --prefix=/home/pi/Desktop/sources/arm

## --------- ##
## Platform. ##
## --------- ##

hostname = anton-VirtualBox
uname -m = x86_64
uname -r = 4.15.0-29-generic
uname -s = Linux
uname -v = #31-Ubuntu SMP Tue Jul 17 15:39:52 UTC 2018

/usr/bin/uname -p = unknown
/bin/uname -X     = unknown

/bin/arch              = unknown
/usr/bin/arch -k       = unknown
/usr/convex/getsysinfo = unknown
/usr/bin/hostinfo      = unknown
/bin/machine           = unknown
/usr/bin/oslevel       = unknown
/bin/universe          = unknown

PATH: /usr/local/sbin
PATH: /usr/local/bin
PATH: /usr/sbin
PATH: /usr/bin
PATH: /sbin
PATH: /bin
PATH: /snap/bin


## ----------- ##
## Core tests. ##
## ----------- ##

configure:2438: checking for a BSD-compatible install
configure:2506: result: /usr/bin/install -c
configure:2517: checking whether build environment is sane
configure:2572: result: yes
configure:2723: checking for a thread-safe mkdir -p
configure:2762: result: /bin/mkdir -p
configure:2769: checking for gawk
configure:2799: result: no
configure:2769: checking for mawk
configure:2785: found /usr/bin/mawk
configure:2796: result: mawk
configure:2807: checking whether make sets $(MAKE)
configure:2829: result: yes
configure:2858: checking whether make supports nested variables
configure:2875: result: yes
configure:3054: checking for gcc
configure:3070: found /usr/bin/gcc
configure:3081: result: gcc
configure:3310: checking for C compiler version
configure:3319: gcc --version >&5
gcc (Ubuntu 7.3.0-27ubuntu1~18.04) 7.3.0
Copyright (C) 2017 Free Software Foundation, Inc.
This is free software; see the source for copying conditions.  There is NO
warranty; not even for MERCHANTABILITY or FITNESS FOR A PARTICULAR PURPOSE.

configure:3330: $? = 0
configure:3319: gcc -v >&5
Using built-in specs.
COLLECT_GCC=gcc
COLLECT_LTO_WRAPPER=/usr/lib/gcc/x86_64-linux-gnu/7/lto-wrapper
OFFLOAD_TARGET_NAMES=nvptx-none
OFFLOAD_TARGET_DEFAULT=1
Target: x86_64-linux-gnu
Configured with: ../src/configure -v --with-pkgversion='Ubuntu 7.3.0-27ubuntu1~18.04' --with-bugurl=file:///usr/share/doc/gcc-7/README.Bugs --enable-languages=c,ada,c++,go,brig,d,fortran,objc,obj-c++ --prefix=/usr --with-gcc-major-version-only --program-suffix=-7 --program-prefix=x86_64-linux-gnu- --enable-shared --enable-linker-build-id --libexecdir=/usr/lib --without-included-gettext --enable-threads=posix --libdir=/usr/lib --enable-nls --with-sysroot=/ --enable-clocale=gnu --enable-libstdcxx-debug --enable-libstdcxx-time=yes --with-default-libstdcxx-abi=new --enable-gnu-unique-object --disable-vtable-verify --enable-libmpx --enable-plugin --enable-default-pie --with-system-zlib --with-target-system-zlib --enable-objc-gc=auto --enable-multiarch --disable-werror --with-arch-32=i686 --with-abi=m64 --with-multilib-list=m32,m64,mx32 --enable-multilib --with-tune=generic --enable-offload-targets=nvptx-none --without-cuda-driver --enable-checking=release --build=x86_64-linux-gnu --host=x86_64-linux-gnu --target=x86_64-linux-gnu
Thread model: posix
gcc version 7.3.0 (Ubuntu 7.3.0-27ubuntu1~18.04) 
configure:3330: $? = 0
configure:3319: gcc -V >&5
gcc: error: unrecognized command line option '-V'
gcc: fatal error: no input files
compilation terminated.
configure:3330: $? = 1
configure:3319: gcc -qversion >&5
gcc: error: unrecognized command line option '-qversion'; did you mean '--version'?
gcc: fatal error: no input files
compilation terminated.
configure:3330: $? = 1
configure:3350: checking whether the C compiler works
configure:3372: gcc    conftest.c  >&5
configure:3376: $? = 0
configure:3424: result: yes
configure:3427: checking for C compiler default output file name
configure:3429: result: a.out
configure:3435: checking for suffix of executables
configure:3442: gcc -o conftest    conftest.c  >&5
configure:3446: $? = 0
configure:3468: result: 
configure:3490: checking whether we are cross compiling
configure:3498: gcc -o conftest    conftest.c  >&5
configure:3502: $? = 0
configure:3509: ./conftest
configure:3513: $? = 0
configure:3528: result: no
configure:3533: checking for suffix of object files
configure:3555: gcc -c   conftest.c >&5
configure:3559: $? = 0
configure:3580: result: o
configure:3584: checking whether we are using the GNU C compiler
configure:3603: gcc -c   conftest.c >&5
configure:3603: $? = 0
configure:3612: result: yes
configure:3621: checking whether gcc accepts -g
configure:3641: gcc -c -g  conftest.c >&5
configure:3641: $? = 0
configure:3682: result: yes
configure:3699: checking for gcc option to accept ISO C89
configure:3762: gcc  -c -g -O2  conftest.c >&5
configure:3762: $? = 0
configure:3775: result: none needed
configure:3800: checking whether gcc understands -c and -o together
configure:3822: gcc -c conftest.c -o conftest2.o
configure:3825: $? = 0
configure:3822: gcc -c conftest.c -o conftest2.o
configure:3825: $? = 0
configure:3837: result: yes
configure:3865: checking for style of include used by make
configure:3893: result: GNU
configure:3919: checking dependency style of gcc
configure:4030: result: gcc3
configure:4051: checking how to run the C preprocessor
configure:4082: gcc -E  conftest.c
configure:4082: $? = 0
configure:4096: gcc -E  conftest.c
conftest.c:11:10: fatal error: ac_nonexistent.h: No such file or directory
 #include <ac_nonexistent.h>
          ^~~~~~~~~~~~~~~~~~
compilation terminated.
configure:4096: $? = 1
configure: failed program was:
| /* confdefs.h */
| #define PACKAGE_NAME "libaacplus"
| #define PACKAGE_TARNAME "libaacplus"
| #define PACKAGE_VERSION "2.0.2"
| #define PACKAGE_STRING "libaacplus 2.0.2"
| #define PACKAGE_BUGREPORT "Sergiy Guriev <piratfm@ua.fm>"
| #define PACKAGE_URL ""
| #define PACKAGE "libaacplus"
| #define VERSION "2.0.2"
| /* end confdefs.h.  */
| #include <ac_nonexistent.h>
configure:4121: result: gcc -E
configure:4141: gcc -E  conftest.c
configure:4141: $? = 0
configure:4155: gcc -E  conftest.c
conftest.c:11:10: fatal error: ac_nonexistent.h: No such file or directory
 #include <ac_nonexistent.h>
          ^~~~~~~~~~~~~~~~~~
compilation terminated.
configure:4155: $? = 1
configure: failed program was:
| /* confdefs.h */
| #define PACKAGE_NAME "libaacplus"
| #define PACKAGE_TARNAME "libaacplus"
| #define PACKAGE_VERSION "2.0.2"
| #define PACKAGE_STRING "libaacplus 2.0.2"
| #define PACKAGE_BUGREPORT "Sergiy Guriev <piratfm@ua.fm>"
| #define PACKAGE_URL ""
| #define PACKAGE "libaacplus"
| #define VERSION "2.0.2"
| /* end confdefs.h.  */
| #include <ac_nonexistent.h>
configure:4184: checking whether ln -s works
configure:4188: result: yes
configure:4195: checking whether make sets $(MAKE)
configure:4217: result: yes
configure:4230: checking build system type
configure:4244: result: x86_64-pc-linux-gnu
configure:4264: checking host system type
configure:4277: result: x86_64-pc-linux-gnu
configure:4646: checking how to print strings
configure:4673: result: printf
configure:4694: checking for a sed that does not truncate output
configure:4758: result: /bin/sed
configure:4776: checking for grep that handles long lines and -e
configure:4834: result: /bin/grep
configure:4839: checking for egrep
configure:4901: result: /bin/grep -E
configure:4906: checking for fgrep
configure:4968: result: /bin/grep -F
configure:5003: checking for ld used by gcc
configure:5070: result: /usr/bin/ld
configure:5077: checking if the linker (/usr/bin/ld) is GNU ld
configure:5092: result: yes
configure:5104: checking for BSD- or MS-compatible name lister (nm)
configure:5158: result: /usr/bin/nm -B
configure:5288: checking the name lister (/usr/bin/nm -B) interface
configure:5295: gcc -c -g -O2  conftest.c >&5
configure:5298: /usr/bin/nm -B "conftest.o"
configure:5301: output
0000000000000000 B some_variable
configure:5308: result: BSD nm
configure:5312: checking the maximum length of command line arguments
configure:5443: result: 1572864
configure:5491: checking how to convert x86_64-pc-linux-gnu file names to x86_64-pc-linux-gnu format
configure:5531: result: func_convert_file_noop
configure:5538: checking how to convert x86_64-pc-linux-gnu file names to toolchain format
configure:5558: result: func_convert_file_noop
configure:5565: checking for /usr/bin/ld option to reload object files
configure:5572: result: -r
configure:5646: checking for objdump
configure:5673: result: objdump
configure:5702: checking how to recognize dependent libraries
configure:5902: result: pass_all
configure:5987: checking for dlltool
configure:6014: result: dlltool
configure:6044: checking how to associate runtime and link libraries
configure:6071: result: printf %s\n
configure:6132: checking for ar
configure:6148: found /usr/bin/ar
configure:6159: result: ar
configure:6196: checking for archiver @FILE support
configure:6213: gcc -c -g -O2  conftest.c >&5
configure:6213: $? = 0
configure:6216: ar cru libconftest.a @conftest.lst >&5
ar: `u' modifier ignored since `D' is the default (see `U')
configure:6219: $? = 0
configure:6224: ar cru libconftest.a @conftest.lst >&5
ar: `u' modifier ignored since `D' is the default (see `U')
ar: conftest.o: No such file or directory
configure:6227: $? = 1
configure:6239: result: @
configure:6297: checking for strip
configure:6313: found /usr/bin/strip
configure:6324: result: strip
configure:6396: checking for ranlib
configure:6412: found /usr/bin/ranlib
configure:6423: result: ranlib
configure:6525: checking command to parse /usr/bin/nm -B output from gcc object
configure:6678: gcc -c -g -O2  conftest.c >&5
configure:6681: $? = 0
configure:6685: /usr/bin/nm -B conftest.o \| sed -n -e 's/^.*[ ]\([ABCDGIRSTW][ABCDGIRSTW]*\)[ ][ ]*\([_A-Za-z][_A-Za-z0-9]*\)$/\1 \2 \2/p' | sed '/ __gnu_lto/d' \> conftest.nm
configure:6688: $? = 0
configure:6754: gcc -o conftest -g -O2   conftest.c conftstm.o >&5
configure:6757: $? = 0
configure:6795: result: ok
configure:6842: checking for sysroot
configure:6872: result: no
configure:6879: checking for a working dd
configure:6917: result: /bin/dd
configure:6921: checking how to truncate binary pipes
configure:6936: result: /bin/dd bs=4096 count=1
configure:7072: gcc -c -g -O2  conftest.c >&5
configure:7075: $? = 0
configure:7265: checking for mt
configure:7281: found /bin/mt
configure:7292: result: mt
configure:7315: checking if mt is a manifest tool
configure:7321: mt '-?'
configure:7329: result: no
configure:8002: checking for ANSI C header files
configure:8022: gcc -c -g -O2  conftest.c >&5
configure:8022: $? = 0
configure:8095: gcc -o conftest -g -O2   conftest.c  >&5
configure:8095: $? = 0
configure:8095: ./conftest
configure:8095: $? = 0
configure:8106: result: yes
configure:8119: checking for sys/types.h
configure:8119: gcc -c -g -O2  conftest.c >&5
configure:8119: $? = 0
configure:8119: result: yes
configure:8119: checking for sys/stat.h
configure:8119: gcc -c -g -O2  conftest.c >&5
configure:8119: $? = 0
configure:8119: result: yes
configure:8119: checking for stdlib.h
configure:8119: gcc -c -g -O2  conftest.c >&5
configure:8119: $? = 0
configure:8119: result: yes
configure:8119: checking for string.h
configure:8119: gcc -c -g -O2  conftest.c >&5
configure:8119: $? = 0
configure:8119: result: yes
configure:8119: checking for memory.h
configure:8119: gcc -c -g -O2  conftest.c >&5
configure:8119: $? = 0
configure:8119: result: yes
configure:8119: checking for strings.h
configure:8119: gcc -c -g -O2  conftest.c >&5
configure:8119: $? = 0
configure:8119: result: yes
configure:8119: checking for inttypes.h
configure:8119: gcc -c -g -O2  conftest.c >&5
configure:8119: $? = 0
configure:8119: result: yes
configure:8119: checking for stdint.h
configure:8119: gcc -c -g -O2  conftest.c >&5
configure:8119: $? = 0
configure:8119: result: yes
configure:8119: checking for unistd.h
configure:8119: gcc -c -g -O2  conftest.c >&5
configure:8119: $? = 0
configure:8119: result: yes
configure:8133: checking for dlfcn.h
configure:8133: gcc -c -g -O2  conftest.c >&5
configure:8133: $? = 0
configure:8133: result: yes
configure:8387: checking for objdir
configure:8402: result: .libs
configure:8666: checking if gcc supports -fno-rtti -fno-exceptions
configure:8684: gcc -c -g -O2  -fno-rtti -fno-exceptions conftest.c >&5
cc1: warning: command line option '-fno-rtti' is valid for C++/ObjC++ but not for C
configure:8688: $? = 0
configure:8701: result: no
configure:9059: checking for gcc option to produce PIC
configure:9066: result: -fPIC -DPIC
configure:9074: checking if gcc PIC flag -fPIC -DPIC works
configure:9092: gcc -c -g -O2  -fPIC -DPIC -DPIC conftest.c >&5
configure:9096: $? = 0
configure:9109: result: yes
configure:9138: checking if gcc static flag -static works
configure:9166: result: yes
configure:9181: checking if gcc supports -c -o file.o
configure:9202: gcc -c -g -O2  -o out/conftest2.o conftest.c >&5
configure:9206: $? = 0
configure:9228: result: yes
configure:9236: checking if gcc supports -c -o file.o
configure:9283: result: yes
configure:9316: checking whether the gcc linker (/usr/bin/ld -m elf_x86_64) supports shared libraries
configure:10579: result: yes
configure:10616: checking whether -lc should be explicitly linked in
configure:10624: gcc -c -g -O2  conftest.c >&5
configure:10627: $? = 0
configure:10642: gcc -shared  -fPIC -DPIC conftest.o  -v -Wl,-soname -Wl,conftest -o conftest 2\>\&1 \| /bin/grep  -lc  \>/dev/null 2\>\&1
configure:10645: $? = 0
configure:10659: result: no
configure:10819: checking dynamic linker characteristics
configure:11400: gcc -o conftest -g -O2   -Wl,-rpath -Wl,/foo conftest.c  >&5
configure:11400: $? = 0
configure:11649: result: GNU/Linux ld.so
configure:11771: checking how to hardcode library paths into programs
configure:11796: result: immediate
configure:12344: checking whether stripping libraries is possible
configure:12349: result: yes
configure:12384: checking if libtool supports shared libraries
configure:12386: result: yes
configure:12389: checking whether to build shared libraries
configure:12414: result: yes
configure:12417: checking whether to build static libraries
configure:12421: result: yes
configure:12460: checking for unzip
configure:12478: found /usr/bin/unzip
configure:12490: result: /usr/bin/unzip
configure:12503: checking for patch
configure:12521: found /usr/bin/patch
configure:12533: result: /usr/bin/patch
configure:12692: checking for parameter expansion string replace capable shell
configure:12708: result: /bin/bash
configure:12734: checking for wget
configure:12752: found /usr/bin/wget
configure:12764: result: /usr/bin/wget
configure:12779: checking for web downloading command
configure:12808: result: /usr/bin/wget -N
configure:12822: checking for library containing sqrt
configure:12853: gcc -o conftest -g -O2   conftest.c  >&5
conftest.c:30:6: warning: conflicting types for built-in function 'sqrt' [-Wbuiltin-declaration-mismatch]
 char sqrt ();
      ^~~~
/tmp/ccWUbFWu.o: In function `main':
/home/pi/libaacplus-2.0.2/conftest.c:34: undefined reference to `sqrt'
collect2: error: ld returned 1 exit status
configure:12853: $? = 1
configure: failed program was:
| /* confdefs.h */
| #define PACKAGE_NAME "libaacplus"
| #define PACKAGE_TARNAME "libaacplus"
| #define PACKAGE_VERSION "2.0.2"
| #define PACKAGE_STRING "libaacplus 2.0.2"
| #define PACKAGE_BUGREPORT "Sergiy Guriev <piratfm@ua.fm>"
| #define PACKAGE_URL ""
| #define PACKAGE "libaacplus"
| #define VERSION "2.0.2"
| #define STDC_HEADERS 1
| #define HAVE_SYS_TYPES_H 1
| #define HAVE_SYS_STAT_H 1
| #define HAVE_STDLIB_H 1
| #define HAVE_STRING_H 1
| #define HAVE_MEMORY_H 1
| #define HAVE_STRINGS_H 1
| #define HAVE_INTTYPES_H 1
| #define HAVE_STDINT_H 1
| #define HAVE_UNISTD_H 1
| #define HAVE_DLFCN_H 1
| #define LT_OBJDIR ".libs/"
| /* end confdefs.h.  */
| 
| /* Override any GCC internal prototype to avoid an error.
|    Use char because int might match the return type of a GCC
|    builtin and then its argument prototype would still apply.  */
| #ifdef __cplusplus
| extern "C"
| #endif
| char sqrt ();
| int
| main ()
| {
| return sqrt ();
|   ;
|   return 0;
| }
configure:12853: gcc -o conftest -g -O2   conftest.c -lm   >&5
conftest.c:30:6: warning: conflicting types for built-in function 'sqrt' [-Wbuiltin-declaration-mismatch]
 char sqrt ();
      ^~~~
configure:12853: $? = 0
configure:12870: result: -lm
configure:12880: checking for ANSI C header files
configure:12984: result: yes
configure:12995: checking float.h usability
configure:12995: gcc -c -g -O2  conftest.c >&5
configure:12995: $? = 0
configure:12995: result: yes
configure:12995: checking float.h presence
configure:12995: gcc -E  conftest.c
configure:12995: $? = 0
configure:12995: result: yes
configure:12995: checking for float.h
configure:12995: result: yes
configure:12995: checking for memory.h
configure:12995: result: yes
configure:12995: checking for stdint.h
configure:12995: result: yes
configure:12995: checking for stdlib.h
configure:12995: result: yes
configure:12995: checking for string.h
configure:12995: result: yes
configure:13011: checking for an ANSI C-conforming const
configure:13077: gcc -c -g -O2  conftest.c >&5
configure:13077: $? = 0
configure:13084: result: yes
configure:13092: checking for int16_t
configure:13092: gcc -c -g -O2  conftest.c >&5
configure:13092: $? = 0
configure:13092: gcc -c -g -O2  conftest.c >&5
conftest.c: In function 'main':
conftest.c:66:12: error: size of array 'test_array' is negative
 static int test_array [1 - 2 * !((int16_t) (((((int16_t) 1 << N) << N) - 1) * 2 + 1)
            ^~~~~~~~~~
configure:13092: $? = 1
configure: failed program was:
| /* confdefs.h */
| #define PACKAGE_NAME "libaacplus"
| #define PACKAGE_TARNAME "libaacplus"
| #define PACKAGE_VERSION "2.0.2"
| #define PACKAGE_STRING "libaacplus 2.0.2"
| #define PACKAGE_BUGREPORT "Sergiy Guriev <piratfm@ua.fm>"
| #define PACKAGE_URL ""
| #define PACKAGE "libaacplus"
| #define VERSION "2.0.2"
| #define STDC_HEADERS 1
| #define HAVE_SYS_TYPES_H 1
| #define HAVE_SYS_STAT_H 1
| #define HAVE_STDLIB_H 1
| #define HAVE_STRING_H 1
| #define HAVE_MEMORY_H 1
| #define HAVE_STRINGS_H 1
| #define HAVE_INTTYPES_H 1
| #define HAVE_STDINT_H 1
| #define HAVE_UNISTD_H 1
| #define HAVE_DLFCN_H 1
| #define LT_OBJDIR ".libs/"
| #define STDC_HEADERS 1
| #define HAVE_FLOAT_H 1
| #define HAVE_MEMORY_H 1
| #define HAVE_STDINT_H 1
| #define HAVE_STDLIB_H 1
| #define HAVE_STRING_H 1
| /* end confdefs.h.  */
| #include <stdio.h>
| #ifdef HAVE_SYS_TYPES_H
| # include <sys/types.h>
| #endif
| #ifdef HAVE_SYS_STAT_H
| # include <sys/stat.h>
| #endif
| #ifdef STDC_HEADERS
| # include <stdlib.h>
| # include <stddef.h>
| #else
| # ifdef HAVE_STDLIB_H
| #  include <stdlib.h>
| # endif
| #endif
| #ifdef HAVE_STRING_H
| # if !defined STDC_HEADERS && defined HAVE_MEMORY_H
| #  include <memory.h>
| # endif
| # include <string.h>
| #endif
| #ifdef HAVE_STRINGS_H
| # include <strings.h>
| #endif
| #ifdef HAVE_INTTYPES_H
| # include <inttypes.h>
| #endif
| #ifdef HAVE_STDINT_H
| # include <stdint.h>
| #endif
| #ifdef HAVE_UNISTD_H
| # include <unistd.h>
| #endif
| 	        enum { N = 16 / 2 - 1 };
| int
| main ()
| {
| static int test_array [1 - 2 * !((int16_t) (((((int16_t) 1 << N) << N) - 1) * 2 + 1)
| 		 < (int16_t) (((((int16_t) 1 << N) << N) - 1) * 2 + 2))];
| test_array [0] = 0;
| return test_array [0];
| 
|   ;
|   return 0;
| }
configure:13092: result: yes
configure:13103: checking for int32_t
configure:13103: gcc -c -g -O2  conftest.c >&5
configure:13103: $? = 0
configure:13103: gcc -c -g -O2  conftest.c >&5
conftest.c: In function 'main':
conftest.c:67:53: warning: integer overflow in expression [-Woverflow]
    < (int32_t) (((((int32_t) 1 << N) << N) - 1) * 2 + 2))];
                                                     ^
conftest.c:66:12: error: storage size of 'test_array' isn't constant
 static int test_array [1 - 2 * !((int32_t) (((((int32_t) 1 << N) << N) - 1) * 2 + 1)
            ^~~~~~~~~~
configure:13103: $? = 1
configure: failed program was:
| /* confdefs.h */
| #define PACKAGE_NAME "libaacplus"
| #define PACKAGE_TARNAME "libaacplus"
| #define PACKAGE_VERSION "2.0.2"
| #define PACKAGE_STRING "libaacplus 2.0.2"
| #define PACKAGE_BUGREPORT "Sergiy Guriev <piratfm@ua.fm>"
| #define PACKAGE_URL ""
| #define PACKAGE "libaacplus"
| #define VERSION "2.0.2"
| #define STDC_HEADERS 1
| #define HAVE_SYS_TYPES_H 1
| #define HAVE_SYS_STAT_H 1
| #define HAVE_STDLIB_H 1
| #define HAVE_STRING_H 1
| #define HAVE_MEMORY_H 1
| #define HAVE_STRINGS_H 1
| #define HAVE_INTTYPES_H 1
| #define HAVE_STDINT_H 1
| #define HAVE_UNISTD_H 1
| #define HAVE_DLFCN_H 1
| #define LT_OBJDIR ".libs/"
| #define STDC_HEADERS 1
| #define HAVE_FLOAT_H 1
| #define HAVE_MEMORY_H 1
| #define HAVE_STDINT_H 1
| #define HAVE_STDLIB_H 1
| #define HAVE_STRING_H 1
| /* end confdefs.h.  */
| #include <stdio.h>
| #ifdef HAVE_SYS_TYPES_H
| # include <sys/types.h>
| #endif
| #ifdef HAVE_SYS_STAT_H
| # include <sys/stat.h>
| #endif
| #ifdef STDC_HEADERS
| # include <stdlib.h>
| # include <stddef.h>
| #else
| # ifdef HAVE_STDLIB_H
| #  include <stdlib.h>
| # endif
| #endif
| #ifdef HAVE_STRING_H
| # if !defined STDC_HEADERS && defined HAVE_MEMORY_H
| #  include <memory.h>
| # endif
| # include <string.h>
| #endif
| #ifdef HAVE_STRINGS_H
| # include <strings.h>
| #endif
| #ifdef HAVE_INTTYPES_H
| # include <inttypes.h>
| #endif
| #ifdef HAVE_STDINT_H
| # include <stdint.h>
| #endif
| #ifdef HAVE_UNISTD_H
| # include <unistd.h>
| #endif
| 	        enum { N = 32 / 2 - 1 };
| int
| main ()
| {
| static int test_array [1 - 2 * !((int32_t) (((((int32_t) 1 << N) << N) - 1) * 2 + 1)
| 		 < (int32_t) (((((int32_t) 1 << N) << N) - 1) * 2 + 2))];
| test_array [0] = 0;
| return test_array [0];
| 
|   ;
|   return 0;
| }
configure:13103: result: yes
configure:13114: checking for int8_t
configure:13114: gcc -c -g -O2  conftest.c >&5
configure:13114: $? = 0
configure:13114: gcc -c -g -O2  conftest.c >&5
conftest.c: In function 'main':
conftest.c:66:12: error: size of array 'test_array' is negative
 static int test_array [1 - 2 * !((int8_t) (((((int8_t) 1 << N) << N) - 1) * 2 + 1)
            ^~~~~~~~~~
configure:13114: $? = 1
configure: failed program was:
| /* confdefs.h */
| #define PACKAGE_NAME "libaacplus"
| #define PACKAGE_TARNAME "libaacplus"
| #define PACKAGE_VERSION "2.0.2"
| #define PACKAGE_STRING "libaacplus 2.0.2"
| #define PACKAGE_BUGREPORT "Sergiy Guriev <piratfm@ua.fm>"
| #define PACKAGE_URL ""
| #define PACKAGE "libaacplus"
| #define VERSION "2.0.2"
| #define STDC_HEADERS 1
| #define HAVE_SYS_TYPES_H 1
| #define HAVE_SYS_STAT_H 1
| #define HAVE_STDLIB_H 1
| #define HAVE_STRING_H 1
| #define HAVE_MEMORY_H 1
| #define HAVE_STRINGS_H 1
| #define HAVE_INTTYPES_H 1
| #define HAVE_STDINT_H 1
| #define HAVE_UNISTD_H 1
| #define HAVE_DLFCN_H 1
| #define LT_OBJDIR ".libs/"
| #define STDC_HEADERS 1
| #define HAVE_FLOAT_H 1
| #define HAVE_MEMORY_H 1
| #define HAVE_STDINT_H 1
| #define HAVE_STDLIB_H 1
| #define HAVE_STRING_H 1
| /* end confdefs.h.  */
| #include <stdio.h>
| #ifdef HAVE_SYS_TYPES_H
| # include <sys/types.h>
| #endif
| #ifdef HAVE_SYS_STAT_H
| # include <sys/stat.h>
| #endif
| #ifdef STDC_HEADERS
| # include <stdlib.h>
| # include <stddef.h>
| #else
| # ifdef HAVE_STDLIB_H
| #  include <stdlib.h>
| # endif
| #endif
| #ifdef HAVE_STRING_H
| # if !defined STDC_HEADERS && defined HAVE_MEMORY_H
| #  include <memory.h>
| # endif
| # include <string.h>
| #endif
| #ifdef HAVE_STRINGS_H
| # include <strings.h>
| #endif
| #ifdef HAVE_INTTYPES_H
| # include <inttypes.h>
| #endif
| #ifdef HAVE_STDINT_H
| # include <stdint.h>
| #endif
| #ifdef HAVE_UNISTD_H
| # include <unistd.h>
| #endif
| 	        enum { N = 8 / 2 - 1 };
| int
| main ()
| {
| static int test_array [1 - 2 * !((int8_t) (((((int8_t) 1 << N) << N) - 1) * 2 + 1)
| 		 < (int8_t) (((((int8_t) 1 << N) << N) - 1) * 2 + 2))];
| test_array [0] = 0;
| return test_array [0];
| 
|   ;
|   return 0;
| }
configure:13114: result: yes
configure:13125: checking for uint16_t
configure:13125: gcc -c -g -O2  conftest.c >&5
configure:13125: $? = 0
configure:13125: result: yes
configure:13141: checking for stdlib.h
configure:13141: result: yes
configure:13151: checking for GNU libc compatible malloc
configure:13175: gcc -o conftest -g -O2   conftest.c -lm  >&5
configure:13175: $? = 0
configure:13175: ./conftest
configure:13175: $? = 0
configure:13185: result: yes
configure:13206: checking for working memcmp
configure:13249: gcc -o conftest -g -O2   conftest.c -lm  >&5
configure:13249: $? = 0
configure:13249: ./conftest
configure:13249: $? = 0
configure:13259: result: yes
configure:13271: checking for floor
configure:13271: gcc -o conftest -g -O2   conftest.c -lm  >&5
conftest.c:54:6: warning: conflicting types for built-in function 'floor' [-Wbuiltin-declaration-mismatch]
 char floor ();
      ^~~~~
configure:13271: $? = 0
configure:13271: result: yes
configure:13271: checking for memmove
configure:13271: gcc -o conftest -g -O2   conftest.c -lm  >&5
conftest.c:55:6: warning: conflicting types for built-in function 'memmove' [-Wbuiltin-declaration-mismatch]
 char memmove ();
      ^~~~~~~
configure:13271: $? = 0
configure:13271: result: yes
configure:13271: checking for memset
configure:13271: gcc -o conftest -g -O2   conftest.c -lm  >&5
conftest.c:56:6: warning: conflicting types for built-in function 'memset' [-Wbuiltin-declaration-mismatch]
 char memset ();
      ^~~~~~
configure:13271: $? = 0
configure:13271: result: yes
configure:13271: checking for pow
configure:13271: gcc -o conftest -g -O2   conftest.c -lm  >&5
conftest.c:57:6: warning: conflicting types for built-in function 'pow' [-Wbuiltin-declaration-mismatch]
 char pow ();
      ^~~
configure:13271: $? = 0
configure:13271: result: yes
configure:13271: checking for sqrt
configure:13271: gcc -o conftest -g -O2   conftest.c -lm  >&5
conftest.c:58:6: warning: conflicting types for built-in function 'sqrt' [-Wbuiltin-declaration-mismatch]
 char sqrt ();
      ^~~~
configure:13271: $? = 0
configure:13271: result: yes
configure:13308: checking for fftw3 library at /usr 
configure:13337: WARNING: not found
configure:13340: checking for fftw3 library at /usr/local 
configure:13383: WARNING: not found, building without fftw3
configure:13404: checking for pkg-config
configure:13432: result: no
configure:13586: checking that generated files are newer than configure
configure:13592: result: done
configure:13619: creating ./config.status

## ---------------------- ##
## Running config.status. ##
## ---------------------- ##

This file was extended by libaacplus config.status 2.0.2, which was
generated by GNU Autoconf 2.69.  Invocation command line was

  CONFIG_FILES    = 
  CONFIG_HEADERS  = 
  CONFIG_LINKS    = 
  CONFIG_COMMANDS = 
  $ ./config.status 

on anton-VirtualBox

config.status:1128: creating aacplus.spec
config.status:1128: creating aacplus-config
config.status:1236: WARNING:  'aacplus-config.in' seems to ignore the --datarootdir setting
config.status:1128: creating aacplus.pc
config.status:1128: creating Makefile
config.status:1128: creating src/Makefile
config.status:1128: creating patches/Makefile
config.status:1128: creating include/Makefile
config.status:1128: creating frontend/Makefile
config.status:1128: creating config.h
config.status:1309: config.h is unchanged
config.status:1357: executing depfiles commands
config.status:1357: executing libtool commands

## ---------------- ##
## Cache variables. ##
## ---------------- ##

ac_cv_build=x86_64-pc-linux-gnu
ac_cv_c_compiler_gnu=yes
ac_cv_c_const=yes
ac_cv_c_int16_t=yes
ac_cv_c_int32_t=yes
ac_cv_c_int8_t=yes
ac_cv_c_uint16_t=yes
ac_cv_downloader_prog='/usr/bin/wget -N'
ac_cv_env_CC_set=
ac_cv_env_CC_value=
ac_cv_env_CFLAGS_set=
ac_cv_env_CFLAGS_value=
ac_cv_env_CPPFLAGS_set=
ac_cv_env_CPPFLAGS_value=
ac_cv_env_CPP_set=
ac_cv_env_CPP_value=
ac_cv_env_LDFLAGS_set=
ac_cv_env_LDFLAGS_value=
ac_cv_env_LIBS_set=
ac_cv_env_LIBS_value=
ac_cv_env_LT_SYS_LIBRARY_PATH_set=
ac_cv_env_LT_SYS_LIBRARY_PATH_value=
ac_cv_env_build_alias_set=
ac_cv_env_build_alias_value=
ac_cv_env_host_alias_set=
ac_cv_env_host_alias_value=
ac_cv_env_target_alias_set=
ac_cv_env_target_alias_value=
ac_cv_func_floor=yes
ac_cv_func_malloc_0_nonnull=yes
ac_cv_func_memcmp_working=yes
ac_cv_func_memmove=yes
ac_cv_func_memset=yes
ac_cv_func_pow=yes
ac_cv_func_sqrt=yes
ac_cv_header_dlfcn_h=yes
ac_cv_header_float_h=yes
ac_cv_header_inttypes_h=yes
ac_cv_header_memory_h=yes
ac_cv_header_stdc=yes
ac_cv_header_stdint_h=yes
ac_cv_header_stdlib_h=yes
ac_cv_header_string_h=yes
ac_cv_header_strings_h=yes
ac_cv_header_sys_stat_h=yes
ac_cv_header_sys_types_h=yes
ac_cv_header_unistd_h=yes
ac_cv_host=x86_64-pc-linux-gnu
ac_cv_objext=o
ac_cv_parameter_expansion_string_replace_capable_shell=/bin/bash
ac_cv_path_DOWNLOADER_PROG_CMD=/usr/bin/wget
ac_cv_path_EGREP='/bin/grep -E'
ac_cv_path_FGREP='/bin/grep -F'
ac_cv_path_GREP=/bin/grep
ac_cv_path_PATCH=/usr/bin/patch
ac_cv_path_SED=/bin/sed
ac_cv_path_UNZIP=/usr/bin/unzip
ac_cv_path_install='/usr/bin/install -c'
ac_cv_path_lt_DD=/bin/dd
ac_cv_path_mkdir=/bin/mkdir
ac_cv_prog_AWK=mawk
ac_cv_prog_CPP='gcc -E'
ac_cv_prog_PKGCONFIG=no
ac_cv_prog_ac_ct_AR=ar
ac_cv_prog_ac_ct_CC=gcc
ac_cv_prog_ac_ct_DLLTOOL=dlltool
ac_cv_prog_ac_ct_MANIFEST_TOOL=mt
ac_cv_prog_ac_ct_OBJDUMP=objdump
ac_cv_prog_ac_ct_RANLIB=ranlib
ac_cv_prog_ac_ct_STRIP=strip
ac_cv_prog_cc_c89=
ac_cv_prog_cc_g=yes
ac_cv_prog_make_make_set=yes
ac_cv_search_sqrt=-lm
am_cv_CC_dependencies_compiler_type=gcc3
am_cv_make_support_nested_variables=yes
am_cv_prog_cc_c_o=yes
lt_cv_ar_at_file=@
lt_cv_archive_cmds_need_lc=no
lt_cv_deplibs_check_method=pass_all
lt_cv_file_magic_cmd='$MAGIC_CMD'
lt_cv_file_magic_test_file=
lt_cv_ld_reload_flag=-r
lt_cv_nm_interface='BSD nm'
lt_cv_objdir=.libs
lt_cv_path_LD=/usr/bin/ld
lt_cv_path_NM='/usr/bin/nm -B'
lt_cv_path_mainfest_tool=no
lt_cv_prog_compiler_c_o=yes
lt_cv_prog_compiler_pic='-fPIC -DPIC'
lt_cv_prog_compiler_pic_works=yes
lt_cv_prog_compiler_rtti_exceptions=no
lt_cv_prog_compiler_static_works=yes
lt_cv_prog_gnu_ld=yes
lt_cv_sharedlib_from_linklib_cmd='printf %s\n'
lt_cv_shlibpath_overrides_runpath=yes
lt_cv_sys_global_symbol_pipe='sed -n -e '\''s/^.*[	 ]\([ABCDGIRSTW][ABCDGIRSTW]*\)[	 ][	 ]*\([_A-Za-z][_A-Za-z0-9]*\)$/\1 \2 \2/p'\'' | sed '\''/ __gnu_lto/d'\'''
lt_cv_sys_global_symbol_to_c_name_address='sed -n -e '\''s/^: \(.*\) .*$/  {"\1", (void *) 0},/p'\'' -e '\''s/^[ABCDGIRSTW][ABCDGIRSTW]* .* \(.*\)$/  {"\1", (void *) \&\1},/p'\'''
lt_cv_sys_global_symbol_to_c_name_address_lib_prefix='sed -n -e '\''s/^: \(.*\) .*$/  {"\1", (void *) 0},/p'\'' -e '\''s/^[ABCDGIRSTW][ABCDGIRSTW]* .* \(lib.*\)$/  {"\1", (void *) \&\1},/p'\'' -e '\''s/^[ABCDGIRSTW][ABCDGIRSTW]* .* \(.*\)$/  {"lib\1", (void *) \&\1},/p'\'''
lt_cv_sys_global_symbol_to_cdecl='sed -n -e '\''s/^T .* \(.*\)$/extern int \1();/p'\'' -e '\''s/^[ABCDGIRSTW][ABCDGIRSTW]* .* \(.*\)$/extern char \1;/p'\'''
lt_cv_sys_global_symbol_to_import=
lt_cv_sys_max_cmd_len=1572864
lt_cv_to_host_file_cmd=func_convert_file_noop
lt_cv_to_tool_file_cmd=func_convert_file_noop
lt_cv_truncate_bin='/bin/dd bs=4096 count=1'

## ----------------- ##
## Output variables. ##
## ----------------- ##

AACPLUS_CFLAGS=''
AACPLUS_CPPFLAGS='-I '
AACPLUS_LIBS='-laacplus -lm '
AACPLUS_REQUIRES=''
ACLOCAL='${SHELL} /home/pi/libaacplus-2.0.2/missing aclocal-1.15'
AMDEPBACKSLASH='\'
AMDEP_FALSE='#'
AMDEP_TRUE=''
AMTAR='$${TAR-tar}'
AM_BACKSLASH='\'
AM_DEFAULT_V='$(AM_DEFAULT_VERBOSITY)'
AM_DEFAULT_VERBOSITY='1'
AM_V='$(V)'
AR='ar'
AS='as'
ASH=''
AUTOCONF='${SHELL} /home/pi/libaacplus-2.0.2/missing autoconf'
AUTOHEADER='${SHELL} /home/pi/libaacplus-2.0.2/missing autoheader'
AUTOMAKE='${SHELL} /home/pi/libaacplus-2.0.2/missing automake-1.15'
AWK='mawk'
BASH='/bin/bash'
CC='gcc'
CCDEPMODE='depmode=gcc3'
CFLAGS='-g -O2'
CPP='gcc -E'
CPPFLAGS=''
CYGPATH_W='echo'
DEBUG=''
DEFS='-DHAVE_CONFIG_H'
DEPDIR='.deps'
DLLTOOL='dlltool'
DOWNLOADER_PROG='/usr/bin/wget -N'
DOWNLOADER_PROG_CMD='/usr/bin/wget'
DSYMUTIL=''
DUMPBIN=''
ECHO_C=''
ECHO_N='-n'
ECHO_T=''
EGREP='/bin/grep -E'
EXEEXT=''
FFTW3_CFLAGS=''
FFTW3_INCFLAGS=''
FFTW3_LDFLAGS=''
FFTW3_LIB=''
FGREP='/bin/grep -F'
GREP='/bin/grep'
HAVE_PKGCONFIG_FALSE=''
HAVE_PKGCONFIG_TRUE='#'
INSTALL_DATA='${INSTALL} -m 644'
INSTALL_PROGRAM='${INSTALL}'
INSTALL_SCRIPT='${INSTALL}'
INSTALL_STRIP_PROGRAM='$(install_sh) -c -s'
LD='/usr/bin/ld -m elf_x86_64'
LDFLAGS=''
LIBOBJS=''
LIBS='-lm '
LIBTOOL='$(SHELL) $(top_builddir)/libtool'
LIBTOOL_DEPS='./ltmain.sh'
LIPO=''
LN_S='ln -s'
LTLIBOBJS=''
LT_SYS_LIBRARY_PATH=''
MAKEINFO='${SHELL} /home/pi/libaacplus-2.0.2/missing makeinfo'
MANIFEST_TOOL=':'
MKDIR_P='/bin/mkdir -p'
NM='/usr/bin/nm -B'
NMEDIT=''
OBJDUMP='objdump'
OBJEXT='o'
OPT=''
OTOOL64=''
OTOOL=''
PACKAGE='libaacplus'
PACKAGE_BUGREPORT='Sergiy Guriev <piratfm@ua.fm>'
PACKAGE_NAME='libaacplus'
PACKAGE_STRING='libaacplus 2.0.2'
PACKAGE_TARNAME='libaacplus'
PACKAGE_URL=''
PACKAGE_VERSION='2.0.2'
PARAMETER_EXPANSION_STRING_REPLACE_CAPABLE_SHELL='/bin/bash'
PATCH='/usr/bin/patch'
PATH_SEPARATOR=':'
PKGCONFIG='no'
PROFILE=''
RANLIB='ranlib'
SED='/bin/sed'
SET_MAKE=''
SHELL='/bin/bash'
STRIP='strip'
UNZIP='/usr/bin/unzip'
VERSION='2.0.2'
ac_ct_AR='ar'
ac_ct_CC='gcc'
ac_ct_DUMPBIN=''
am__EXEEXT_FALSE=''
am__EXEEXT_TRUE='#'
am__fastdepCC_FALSE='#'
am__fastdepCC_TRUE=''
am__include='include'
am__isrc=''
am__leading_dot='.'
am__nodep='_no'
am__quote=''
am__tar='$${TAR-tar} chof - "$$tardir"'
am__untar='$${TAR-tar} xf -'
bindir='${exec_prefix}/bin'
build='x86_64-pc-linux-gnu'
build_alias=''
build_cpu='x86_64'
build_os='linux-gnu'
build_vendor='pc'
datadir='${datarootdir}'
datarootdir='${prefix}/share'
docdir='${datarootdir}/doc/${PACKAGE_TARNAME}'
dvidir='${docdir}'
exec_prefix='${prefix}'
host='x86_64-pc-linux-gnu'
host_alias=''
host_cpu='x86_64'
host_os='linux-gnu'
host_vendor='pc'
htmldir='${docdir}'
includedir='${prefix}/include'
infodir='${datarootdir}/info'
install_sh='${SHELL} /home/pi/libaacplus-2.0.2/install-sh'
libdir='${exec_prefix}/lib'
libexecdir='${exec_prefix}/libexec'
localedir='${datarootdir}/locale'
localstatedir='${prefix}/var'
mandir='${datarootdir}/man'
mkdir_p='$(MKDIR_P)'
oldincludedir='/usr/include'
pdfdir='${docdir}'
prefix='/home/pi/Desktop/sources/arm'
program_transform_name='s,x,x,'
psdir='${docdir}'
runstatedir='${localstatedir}/run'
sbindir='${exec_prefix}/sbin'
sharedstatedir='${prefix}/com'
sysconfdir='${prefix}/etc'
target_alias=''

## ----------- ##
## confdefs.h. ##
## ----------- ##

/* confdefs.h */
#define PACKAGE_NAME "libaacplus"
#define PACKAGE_TARNAME "libaacplus"
#define PACKAGE_VERSION "2.0.2"
#define PACKAGE_STRING "libaacplus 2.0.2"
#define PACKAGE_BUGREPORT "Sergiy Guriev <piratfm@ua.fm>"
#define PACKAGE_URL ""
#define PACKAGE "libaacplus"
#define VERSION "2.0.2"
#define STDC_HEADERS 1
#define HAVE_SYS_TYPES_H 1
#define HAVE_SYS_STAT_H 1
#define HAVE_STDLIB_H 1
#define HAVE_STRING_H 1
#define HAVE_MEMORY_H 1
#define HAVE_STRINGS_H 1
#define HAVE_INTTYPES_H 1
#define HAVE_STDINT_H 1
#define HAVE_UNISTD_H 1
#define HAVE_DLFCN_H 1
#define LT_OBJDIR ".libs/"
#define STDC_HEADERS 1
#define HAVE_FLOAT_H 1
#define HAVE_MEMORY_H 1
#define HAVE_STDINT_H 1
#define HAVE_STDLIB_H 1
#define HAVE_STRING_H 1
#define HAVE_STDLIB_H 1
#define HAVE_MALLOC 1
#define HAVE_FLOOR 1
#define HAVE_MEMMOVE 1
#define HAVE_MEMSET 1
#define HAVE_POW 1
#define HAVE_SQRT 1

configure: exit 0
